<?xml version="1.0" encoding="UTF-8"?>
<!-- Generated by org.testng.reporters.JUnitReportReporter -->
<testsuite hostname="Ann" failures="0" tests="2" name="Test.Search" time="70.050" errors="0" timestamp="2022-09-05T12:01:31 IST" skipped="0">
  <testcase classname="Test.Search" name="LoginIsWorking" time="36.022"/>
  <system-out/>
  <testcase classname="Test.Search" name="LoggedInOrNot" time="34.028"/>
  <system-out/>
</testsuite> <!-- Test.Search -->
